TN:
SF:src/cli.ts
FN:20,(anonymous_16)
FN:33,(anonymous_17)
FN:34,(anonymous_18)
FN:46,(anonymous_20)
FN:52,(anonymous_21)
FN:63,(anonymous_22)
FN:64,(anonymous_23)
FN:73,(anonymous_24)
FN:74,(anonymous_25)
FN:129,(anonymous_26)
FN:129,(anonymous_27)
FN:160,(anonymous_29)
FN:169,(anonymous_30)
FN:188,(anonymous_31)
FN:203,(anonymous_32)
FN:203,(anonymous_33)
FNF:16
FNH:14
FNDA:7,(anonymous_16)
FNDA:7,(anonymous_17)
FNDA:7,(anonymous_18)
FNDA:4,(anonymous_20)
FNDA:4,(anonymous_21)
FNDA:1,(anonymous_22)
FNDA:1,(anonymous_23)
FNDA:1,(anonymous_24)
FNDA:1,(anonymous_25)
FNDA:7,(anonymous_26)
FNDA:7,(anonymous_27)
FNDA:0,(anonymous_29)
FNDA:0,(anonymous_30)
FNDA:7,(anonymous_31)
FNDA:7,(anonymous_32)
FNDA:7,(anonymous_33)
DA:1,2
DA:2,2
DA:3,2
DA:4,2
DA:5,2
DA:6,2
DA:7,2
DA:15,2
DA:16,2
DA:17,2
DA:20,2
DA:21,7
DA:23,4
DA:25,1
DA:27,1
DA:29,1
DA:33,2
DA:34,7
DA:36,7
DA:47,4
DA:53,4
DA:54,3
DA:63,1
DA:65,1
DA:66,1
DA:73,1
DA:75,1
DA:76,1
DA:111,7
DA:112,7
DA:114,7
DA:129,7
DA:130,7
DA:131,3
DA:134,4
DA:135,4
DA:137,4
DA:138,1
DA:146,4
DA:147,1
DA:150,1
DA:151,1
DA:155,1
DA:161,0
DA:164,1
DA:170,0
DA:175,4
DA:176,4
DA:188,2
DA:189,7
DA:191,7
DA:193,4
DA:195,1
DA:197,1
DA:199,1
DA:203,7
DA:204,7
DA:205,7
DA:206,7
DA:208,7
LF:60
LH:58
BRDA:21,0,0,4
BRDA:21,0,1,1
BRDA:21,0,2,1
BRDA:21,0,3,1
BRDA:36,1,0,7
BRDA:53,2,0,3
BRDA:65,3,0,1
BRDA:75,4,0,1
BRDA:111,5,0,1
BRDA:111,5,1,6
BRDA:116,6,0,3
BRDA:116,6,1,4
BRDA:116,7,0,7
BRDA:116,7,1,7
BRDA:117,8,0,5
BRDA:117,8,1,2
BRDA:117,9,0,7
BRDA:117,9,1,7
BRDA:118,10,0,1
BRDA:118,10,1,6
BRDA:118,11,0,7
BRDA:118,11,1,7
BRDA:119,12,0,3
BRDA:119,12,1,4
BRDA:119,13,0,7
BRDA:119,13,1,7
BRDA:120,14,0,0
BRDA:120,14,1,7
BRDA:120,15,0,7
BRDA:120,15,1,7
BRDA:130,16,0,3
BRDA:137,17,0,1
BRDA:137,18,0,4
BRDA:137,18,1,1
BRDA:146,19,0,1
BRDA:150,20,0,1
BRDA:161,21,0,0
BRDA:161,21,1,0
BRDA:170,22,0,0
BRDA:170,22,1,0
BRDA:179,23,0,3
BRDA:179,23,1,1
BRDA:183,24,0,4
BRDA:183,24,1,3
BRDA:184,25,0,4
BRDA:184,25,1,4
BRDA:189,26,0,1
BRDA:189,26,1,6
BRDA:191,27,0,4
BRDA:191,27,1,1
BRDA:191,27,2,1
BRDA:191,27,3,1
BRDA:204,28,0,7
BRF:53
BRH:48
end_of_record
TN:
SF:src/index.ts
FN:1,(anonymous_1)
FNF:1
FNH:1
FNDA:1,(anonymous_1)
DA:1,2
LF:1
LH:1
BRF:0
BRH:0
end_of_record
TN:
SF:src/actions/download.ts
FN:16,(anonymous_14)
FN:26,(anonymous_15)
FN:26,(anonymous_16)
FNF:3
FNH:3
FNDA:3,(anonymous_14)
FNDA:4,(anonymous_15)
FNDA:4,(anonymous_16)
DA:1,3
DA:2,3
DA:7,3
DA:8,3
DA:9,3
DA:16,3
DA:17,3
DA:19,3
DA:20,1
DA:23,2
DA:24,2
DA:26,4
DA:28,4
DA:39,4
DA:41,0
LF:15
LH:14
BRDA:19,0,0,1
BRDA:30,1,0,4
BRDA:30,1,1,0
BRDA:30,2,0,4
BRDA:30,2,1,4
BRF:5
BRH:4
end_of_record
TN:
SF:src/actions/index.ts
FN:1,(anonymous_1)
FN:2,(anonymous_2)
FN:3,(anonymous_3)
FNF:3
FNH:3
FNDA:1,(anonymous_1)
FNDA:4,(anonymous_2)
FNDA:1,(anonymous_3)
DA:1,3
DA:2,6
DA:3,3
LF:3
LH:3
BRF:0
BRH:0
end_of_record
TN:
SF:src/actions/init.ts
FN:16,(anonymous_16)
FN:26,(anonymous_17)
FN:38,(anonymous_20)
FNF:3
FNH:3
FNDA:6,(anonymous_16)
FNDA:8,(anonymous_17)
FNDA:4,(anonymous_20)
DA:1,3
DA:3,3
DA:8,3
DA:16,3
DA:17,6
DA:19,6
DA:20,1
DA:23,5
DA:26,4
DA:28,4
DA:36,2
DA:39,4
DA:46,2
DA:50,2
DA:52,2
LF:15
LH:15
BRDA:19,0,0,1
BRF:1
BRH:1
end_of_record
TN:
SF:src/actions/upload.ts
FN:17,(anonymous_14)
FN:27,(anonymous_15)
FN:27,(anonymous_16)
FN:54,(anonymous_18)
FNF:4
FNH:4
FNDA:3,(anonymous_14)
FNDA:4,(anonymous_15)
FNDA:4,(anonymous_16)
FNDA:1,(anonymous_18)
DA:1,3
DA:2,3
DA:8,3
DA:9,3
DA:10,3
DA:17,3
DA:18,3
DA:20,3
DA:21,1
DA:24,2
DA:25,2
DA:27,4
DA:29,4
DA:45,4
DA:47,0
DA:52,2
DA:55,1
DA:59,2
LF:18
LH:17
BRDA:20,0,0,1
BRDA:31,1,0,4
BRDA:31,1,1,0
BRDA:31,2,0,4
BRDA:31,2,1,4
BRF:5
BRH:4
end_of_record
TN:
SF:src/lib/config.ts
FN:17,(anonymous_1)
FN:18,(anonymous_2)
FNF:2
FNH:2
FNDA:10,(anonymous_1)
FNDA:2,(anonymous_2)
DA:1,9
DA:3,9
DA:5,9
DA:6,9
DA:7,9
DA:9,9
DA:10,9
DA:12,9
DA:14,9
DA:16,9
DA:17,10
DA:19,2
DA:20,2
LF:13
LH:13
BRDA:19,0,0,1
BRDA:19,0,1,1
BRDA:19,1,0,2
BRDA:19,1,1,2
BRDA:19,2,0,1
BRDA:19,2,1,1
BRDA:19,3,0,2
BRDA:19,3,1,2
BRDA:19,4,0,1
BRDA:19,4,1,1
BRDA:19,5,0,2
BRDA:19,5,1,2
BRF:12
BRH:12
end_of_record
TN:
SF:src/lib/fileInfo.ts
FN:7,(anonymous_1)
FN:16,(anonymous_2)
FN:20,(anonymous_3)
FN:25,(anonymous_4)
FN:30,(anonymous_5)
FN:37,(anonymous_6)
FN:44,(anonymous_7)
FN:61,(anonymous_8)
FN:67,(anonymous_9)
FN:78,(anonymous_10)
FN:82,(anonymous_11)
FNF:11
FNH:11
FNDA:6,(anonymous_1)
FNDA:15,(anonymous_2)
FNDA:6,(anonymous_3)
FNDA:9,(anonymous_4)
FNDA:21,(anonymous_5)
FNDA:3,(anonymous_6)
FNDA:6,(anonymous_7)
FNDA:3,(anonymous_8)
FNDA:6,(anonymous_9)
FNDA:5,(anonymous_10)
FNDA:5,(anonymous_11)
DA:1,6
DA:2,6
DA:3,6
DA:4,6
DA:7,6
DA:8,6
DA:9,6
DA:10,6
DA:11,6
DA:13,6
DA:16,6
DA:17,15
DA:20,6
DA:25,6
DA:26,9
DA:30,6
DA:31,21
DA:32,21
DA:37,6
DA:40,3
DA:41,3
DA:42,3
DA:44,3
DA:45,6
DA:50,6
DA:51,6
DA:58,3
DA:61,6
DA:64,3
DA:65,3
DA:67,3
DA:68,6
DA:69,6
DA:75,3
DA:78,6
DA:79,5
DA:82,6
DA:83,5
LF:38
LH:38
BRDA:8,0,0,6
BRDA:8,0,1,0
BRDA:8,1,0,6
BRDA:8,1,1,6
BRDA:31,2,0,6
BRDA:31,2,1,15
BRDA:50,3,0,6
BRF:7
BRH:6
end_of_record
TN:
SF:src/lib/log.ts
FN:4,(anonymous_1)
FN:8,(anonymous_2)
FNF:2
FNH:2
FNDA:13,(anonymous_1)
FNDA:1,(anonymous_2)
DA:1,6
DA:2,6
DA:4,6
DA:5,13
DA:8,6
DA:9,1
LF:6
LH:6
BRF:0
BRH:0
end_of_record
TN:
SF:src/lib/projectConfig.ts
FN:6,(anonymous_1)
FN:18,(anonymous_2)
FN:24,(anonymous_3)
FN:34,(anonymous_4)
FN:40,(anonymous_5)
FN:48,(anonymous_6)
FN:54,(anonymous_7)
FNF:7
FNH:7
FNDA:4,(anonymous_1)
FNDA:5,(anonymous_2)
FNDA:4,(anonymous_3)
FNDA:4,(anonymous_4)
FNDA:1,(anonymous_5)
FNDA:3,(anonymous_6)
FNDA:1,(anonymous_7)
DA:1,7
DA:3,7
DA:6,7
DA:9,7
DA:11,4
DA:18,7
DA:19,5
DA:21,5
DA:24,7
DA:28,4
DA:34,7
DA:37,4
DA:41,1
DA:48,7
DA:51,3
DA:55,1
LF:16
LH:16
BRDA:9,0,0,3
BRF:1
BRH:1
end_of_record
TN:
SF:src/lib/task.ts
FN:8,(anonymous_14)
FN:24,(anonymous_15)
FN:40,(anonymous_16)
FN:52,(anonymous_17)
FN:52,(anonymous_18)
FN:55,(anonymous_20)
FN:58,(anonymous_23)
FN:61,(anonymous_24)
FN:75,(anonymous_27)
FN:75,(anonymous_28)
FN:78,(anonymous_30)
FNF:11
FNH:11
FNDA:3,(anonymous_14)
FNDA:3,(anonymous_15)
FNDA:6,(anonymous_16)
FNDA:10,(anonymous_17)
FNDA:10,(anonymous_18)
FNDA:8,(anonymous_20)
FNDA:8,(anonymous_23)
FNDA:16,(anonymous_24)
FNDA:10,(anonymous_27)
FNDA:10,(anonymous_28)
FNDA:4,(anonymous_30)
DA:1,5
DA:2,5
DA:8,5
DA:15,3
DA:24,5
DA:31,3
DA:40,5
DA:50,6
DA:52,10
DA:53,10
DA:55,4
DA:56,4
DA:57,4
DA:58,4
DA:59,8
DA:61,8
DA:62,16
DA:67,4
DA:72,6
DA:75,10
DA:76,10
DA:78,10
DA:79,4
LF:23
LH:23
BRDA:62,0,0,8
BRF:1
BRH:1
end_of_record
TN:
SF:src/lib/types.ts
FN:1,(anonymous_0)
FNF:1
FNH:1
FNDA:5,(anonymous_0)
DA:1,5
DA:2,5
DA:3,5
DA:4,5
DA:5,5
LF:5
LH:5
BRDA:1,0,0,5
BRDA:1,0,1,5
BRF:2
BRH:2
end_of_record
