TN:
SF:src/cli.ts
FN:20,(anonymous_16)
FN:33,(anonymous_17)
FN:34,(anonymous_18)
FN:46,(anonymous_20)
FN:52,(anonymous_21)
FN:63,(anonymous_22)
FN:64,(anonymous_23)
FN:73,(anonymous_24)
FN:74,(anonymous_25)
FN:129,(anonymous_26)
FN:129,(anonymous_27)
FN:160,(anonymous_29)
FN:169,(anonymous_30)
FN:188,(anonymous_31)
FN:203,(anonymous_32)
FN:203,(anonymous_33)
FNF:16
FNH:14
FNDA:9,(anonymous_16)
FNDA:9,(anonymous_17)
FNDA:9,(anonymous_18)
FNDA:4,(anonymous_20)
FNDA:4,(anonymous_21)
FNDA:2,(anonymous_22)
FNDA:2,(anonymous_23)
FNDA:2,(anonymous_24)
FNDA:2,(anonymous_25)
FNDA:9,(anonymous_26)
FNDA:9,(anonymous_27)
FNDA:0,(anonymous_29)
FNDA:0,(anonymous_30)
FNDA:9,(anonymous_31)
FNDA:9,(anonymous_32)
FNDA:9,(anonymous_33)
DA:1,2
DA:2,2
DA:3,2
DA:4,2
DA:5,2
DA:6,2
DA:7,2
DA:15,2
DA:16,2
DA:17,2
DA:20,2
DA:21,9
DA:23,4
DA:25,2
DA:27,2
DA:29,1
DA:33,2
DA:34,9
DA:36,9
DA:47,4
DA:53,4
DA:54,3
DA:63,2
DA:65,2
DA:66,2
DA:73,2
DA:75,2
DA:76,2
DA:111,9
DA:112,9
DA:114,9
DA:129,9
DA:130,9
DA:131,3
DA:134,6
DA:135,6
DA:137,6
DA:138,1
DA:146,6
DA:147,1
DA:150,1
DA:151,1
DA:155,1
DA:161,0
DA:164,1
DA:170,0
DA:175,6
DA:176,6
DA:188,2
DA:189,9
DA:191,9
DA:193,4
DA:195,2
DA:197,2
DA:199,1
DA:203,9
DA:204,9
DA:205,9
DA:206,9
DA:208,9
LF:60
LH:58
BRDA:21,0,0,4
BRDA:21,0,1,2
BRDA:21,0,2,2
BRDA:21,0,3,1
BRDA:36,1,0,9
BRDA:53,2,0,3
BRDA:65,3,0,2
BRDA:75,4,0,2
BRDA:111,5,0,1
BRDA:111,5,1,8
BRDA:116,6,0,3
BRDA:116,6,1,6
BRDA:116,7,0,9
BRDA:116,7,1,9
BRDA:117,8,0,7
BRDA:117,8,1,2
BRDA:117,9,0,9
BRDA:117,9,1,9
BRDA:118,10,0,1
BRDA:118,10,1,8
BRDA:118,11,0,9
BRDA:118,11,1,9
BRDA:119,12,0,3
BRDA:119,12,1,6
BRDA:119,13,0,9
BRDA:119,13,1,9
BRDA:120,14,0,0
BRDA:120,14,1,9
BRDA:120,15,0,9
BRDA:120,15,1,9
BRDA:130,16,0,3
BRDA:137,17,0,1
BRDA:137,18,0,6
BRDA:137,18,1,1
BRDA:146,19,0,1
BRDA:150,20,0,1
BRDA:161,21,0,0
BRDA:161,21,1,0
BRDA:170,22,0,0
BRDA:170,22,1,0
BRDA:179,23,0,5
BRDA:179,23,1,1
BRDA:183,24,0,6
BRDA:183,24,1,5
BRDA:184,25,0,6
BRDA:184,25,1,6
BRDA:189,26,0,1
BRDA:189,26,1,8
BRDA:191,27,0,4
BRDA:191,27,1,2
BRDA:191,27,2,2
BRDA:191,27,3,1
BRDA:204,28,0,9
BRF:53
BRH:48
end_of_record
TN:
SF:src/index.ts
FN:1,(anonymous_1)
FNF:1
FNH:1
FNDA:1,(anonymous_1)
DA:1,2
LF:1
LH:1
BRF:0
BRH:0
end_of_record
TN:
SF:src/actions/download.ts
FN:16,(anonymous_14)
FN:26,(anonymous_15)
FN:26,(anonymous_16)
FNF:3
FNH:3
FNDA:4,(anonymous_14)
FNDA:5,(anonymous_15)
FNDA:5,(anonymous_16)
DA:1,3
DA:2,3
DA:7,3
DA:8,3
DA:9,3
DA:16,3
DA:17,4
DA:19,4
DA:20,1
DA:23,3
DA:24,3
DA:26,5
DA:28,5
DA:39,4
DA:41,1
LF:15
LH:15
BRDA:19,0,0,1
BRDA:30,1,0,5
BRDA:30,1,1,0
BRDA:30,2,0,5
BRDA:30,2,1,5
BRF:5
BRH:4
end_of_record
TN:
SF:src/actions/index.ts
FN:1,(anonymous_1)
FN:2,(anonymous_2)
FN:3,(anonymous_3)
FNF:3
FNH:3
FNDA:2,(anonymous_1)
FNDA:4,(anonymous_2)
FNDA:2,(anonymous_3)
DA:1,4
DA:2,6
DA:3,4
LF:3
LH:3
BRF:0
BRH:0
end_of_record
TN:
SF:src/actions/init.ts
FN:16,(anonymous_16)
FN:26,(anonymous_17)
FN:37,(anonymous_20)
FNF:3
FNH:3
FNDA:6,(anonymous_16)
FNDA:8,(anonymous_17)
FNDA:4,(anonymous_20)
DA:1,3
DA:3,3
DA:8,3
DA:16,3
DA:17,6
DA:19,6
DA:20,1
DA:23,5
DA:26,4
DA:28,4
DA:36,2
DA:38,4
DA:45,2
DA:49,2
DA:51,2
LF:15
LH:15
BRDA:19,0,0,1
BRF:1
BRH:1
end_of_record
TN:
SF:src/actions/upload.ts
FN:17,(anonymous_14)
FN:27,(anonymous_15)
FN:27,(anonymous_16)
FN:54,(anonymous_18)
FNF:4
FNH:4
FNDA:4,(anonymous_14)
FNDA:5,(anonymous_15)
FNDA:5,(anonymous_16)
FNDA:1,(anonymous_18)
DA:1,3
DA:2,3
DA:8,3
DA:9,3
DA:10,3
DA:17,3
DA:18,4
DA:20,4
DA:21,1
DA:24,3
DA:25,3
DA:27,5
DA:29,5
DA:45,4
DA:47,1
DA:52,3
DA:55,1
DA:59,3
LF:18
LH:18
BRDA:20,0,0,1
BRDA:31,1,0,5
BRDA:31,1,1,0
BRDA:31,2,0,5
BRDA:31,2,1,5
BRF:5
BRH:4
end_of_record
TN:
SF:src/lib/config.ts
FN:17,(anonymous_1)
FN:18,(anonymous_2)
FNF:2
FNH:0
FNDA:0,(anonymous_1)
FNDA:0,(anonymous_2)
DA:1,9
DA:3,9
DA:5,9
DA:6,9
DA:7,9
DA:9,9
DA:10,9
DA:12,9
DA:14,9
DA:16,9
DA:17,0
DA:19,0
DA:20,0
LF:13
LH:10
BRDA:19,0,0,0
BRDA:19,0,1,0
BRDA:19,1,0,0
BRDA:19,1,1,0
BRDA:19,2,0,0
BRDA:19,2,1,0
BRDA:19,3,0,0
BRDA:19,3,1,0
BRDA:19,4,0,0
BRDA:19,4,1,0
BRDA:19,5,0,0
BRDA:19,5,1,0
BRF:12
BRH:0
end_of_record
TN:
SF:src/lib/fileInfo.ts
FN:7,(anonymous_1)
FN:16,(anonymous_2)
FN:20,(anonymous_3)
FN:25,(anonymous_4)
FN:30,(anonymous_5)
FN:37,(anonymous_6)
FN:44,(anonymous_7)
FN:61,(anonymous_8)
FN:67,(anonymous_9)
FN:78,(anonymous_10)
FN:82,(anonymous_11)
FNF:11
FNH:11
FNDA:8,(anonymous_1)
FNDA:20,(anonymous_2)
FNDA:8,(anonymous_3)
FNDA:12,(anonymous_4)
FNDA:28,(anonymous_5)
FNDA:4,(anonymous_6)
FNDA:8,(anonymous_7)
FNDA:4,(anonymous_8)
FNDA:8,(anonymous_9)
FNDA:6,(anonymous_10)
FNDA:5,(anonymous_11)
DA:1,6
DA:2,6
DA:3,6
DA:4,6
DA:7,6
DA:8,8
DA:9,8
DA:10,8
DA:11,8
DA:13,8
DA:16,6
DA:17,20
DA:20,6
DA:25,8
DA:26,12
DA:30,6
DA:31,28
DA:32,28
DA:37,6
DA:40,4
DA:41,4
DA:42,4
DA:44,4
DA:45,8
DA:50,8
DA:51,8
DA:58,4
DA:61,6
DA:64,4
DA:65,4
DA:67,4
DA:68,8
DA:69,8
DA:75,4
DA:78,6
DA:79,6
DA:82,6
DA:83,5
LF:38
LH:38
BRDA:8,0,0,8
BRDA:8,0,1,0
BRDA:8,1,0,8
BRDA:8,1,1,8
BRDA:31,2,0,8
BRDA:31,2,1,20
BRDA:50,3,0,8
BRF:7
BRH:6
end_of_record
TN:
SF:src/lib/log.ts
FN:4,(anonymous_1)
FN:8,(anonymous_2)
FNF:2
FNH:2
FNDA:15,(anonymous_1)
FNDA:1,(anonymous_2)
DA:1,6
DA:2,6
DA:4,6
DA:5,15
DA:8,6
DA:9,1
LF:6
LH:6
BRF:0
BRH:0
end_of_record
TN:
SF:src/lib/projectConfig.ts
FN:6,(anonymous_1)
FN:18,(anonymous_2)
FN:24,(anonymous_3)
FN:34,(anonymous_4)
FN:40,(anonymous_5)
FN:48,(anonymous_6)
FN:54,(anonymous_7)
FNF:7
FNH:7
FNDA:4,(anonymous_1)
FNDA:7,(anonymous_2)
FNDA:4,(anonymous_3)
FNDA:4,(anonymous_4)
FNDA:1,(anonymous_5)
FNDA:3,(anonymous_6)
FNDA:1,(anonymous_7)
DA:1,7
DA:3,7
DA:6,7
DA:9,7
DA:11,4
DA:18,7
DA:19,7
DA:21,7
DA:24,7
DA:28,4
DA:34,7
DA:37,4
DA:41,1
DA:48,7
DA:51,3
DA:55,1
LF:16
LH:16
BRDA:9,0,0,3
BRF:1
BRH:1
end_of_record
TN:
SF:src/lib/task.ts
FN:8,(anonymous_14)
FN:24,(anonymous_15)
FN:40,(anonymous_16)
FN:52,(anonymous_17)
FN:52,(anonymous_18)
FN:55,(anonymous_20)
FN:58,(anonymous_23)
FN:61,(anonymous_24)
FN:75,(anonymous_27)
FN:75,(anonymous_28)
FN:78,(anonymous_30)
FNF:11
FNH:11
FNDA:4,(anonymous_14)
FNDA:4,(anonymous_15)
FNDA:8,(anonymous_16)
FNDA:14,(anonymous_17)
FNDA:14,(anonymous_18)
FNDA:12,(anonymous_20)
FNDA:12,(anonymous_23)
FNDA:20,(anonymous_24)
FNDA:12,(anonymous_27)
FNDA:12,(anonymous_28)
FNDA:6,(anonymous_30)
DA:1,5
DA:2,5
DA:8,5
DA:15,4
DA:24,5
DA:31,4
DA:40,5
DA:50,8
DA:52,14
DA:53,14
DA:55,6
DA:56,6
DA:57,6
DA:58,6
DA:59,12
DA:61,10
DA:62,20
DA:67,6
DA:72,8
DA:75,12
DA:76,12
DA:78,12
DA:79,6
LF:23
LH:23
BRDA:62,0,0,10
BRF:1
BRH:1
end_of_record
TN:
SF:src/lib/types.ts
FN:1,(anonymous_0)
FNF:1
FNH:1
FNDA:5,(anonymous_0)
DA:1,5
DA:2,5
DA:3,5
DA:4,5
DA:5,5
LF:5
LH:5
BRDA:1,0,0,5
BRDA:1,0,1,5
BRF:2
BRH:2
end_of_record
